<?xml version="1.0" encoding="UTF-8"?>
<!-- Generated by org.testng.reporters.JUnitReportReporter -->
<testsuite hostname="DESKTOP-4PQ0G9R" failures="0" tests="2" name="testNGPack2.Class3" time="0.016" errors="0" timestamp="2023-07-18T13:56:48 IST" skipped="0">
  <testcase classname="testNGPack2.Class3" name="f3" time="0.010">
    <system-out>
      <![CDATA[class3-f3]]>
    </system-out>
  </testcase> <!-- f3 -->
  <testcase classname="testNGPack2.Class3" name="f33" time="0.006">
    <system-out>
      <![CDATA[class3-f33]]>
    </system-out>
  </testcase> <!-- f33 -->
  <system-out>
    <![CDATA[class2-f2
class3-f3
class3-f33
class1-f1
class1-f11]]>
  </system-out>
</testsuite> <!-- testNGPack2.Class3 -->
