<?xml version="1.0" encoding="UTF-8"?>
<!-- Generated by org.testng.reporters.JUnitReportReporter -->
<testsuite hostname="DESKTOP-4PQ0G9R" failures="0" tests="12" name="testNGFlags.Flag6" time="0.107" errors="0" timestamp="2023-07-22T15:38:14 IST" skipped="0">
  <testcase classname="testNGFlags.Flag6" name="st1" time="0.011">
    <system-out>
      <![CDATA[STC1]]>
    </system-out>
  </testcase> <!-- st1 -->
  <testcase classname="testNGFlags.Flag6" name="st2" time="0.008">
    <system-out>
      <![CDATA[STC2]]>
    </system-out>
  </testcase> <!-- st2 -->
  <testcase classname="testNGFlags.Flag6" name="ft6" time="0.011">
    <system-out>
      <![CDATA[FTC6]]>
    </system-out>
  </testcase> <!-- ft6 -->
  <testcase classname="testNGFlags.Flag6" name="st3" time="0.005">
    <system-out>
      <![CDATA[STC3]]>
    </system-out>
  </testcase> <!-- st3 -->
  <testcase classname="testNGFlags.Flag6" name="ft5" time="0.005">
    <system-out>
      <![CDATA[FTC5]]>
    </system-out>
  </testcase> <!-- ft5 -->
  <testcase classname="testNGFlags.Flag6" name="ft3" time="0.008">
    <system-out>
      <![CDATA[FTC3]]>
    </system-out>
  </testcase> <!-- ft3 -->
  <testcase classname="testNGFlags.Flag6" name="st4" time="0.011">
    <system-out>
      <![CDATA[STC4]]>
    </system-out>
  </testcase> <!-- st4 -->
  <testcase classname="testNGFlags.Flag6" name="st6" time="0.009">
    <system-out>
      <![CDATA[STC6]]>
    </system-out>
  </testcase> <!-- st6 -->
  <testcase classname="testNGFlags.Flag6" name="ft1" time="0.018">
    <system-out>
      <![CDATA[FTC1]]>
    </system-out>
  </testcase> <!-- ft1 -->
  <testcase classname="testNGFlags.Flag6" name="ft4" time="0.005">
    <system-out>
      <![CDATA[FTC4]]>
    </system-out>
  </testcase> <!-- ft4 -->
  <testcase classname="testNGFlags.Flag6" name="st5" time="0.012">
    <system-out>
      <![CDATA[STC5]]>
    </system-out>
  </testcase> <!-- st5 -->
  <testcase classname="testNGFlags.Flag6" name="ft2" time="0.004">
    <system-out>
      <![CDATA[FTC2]]>
    </system-out>
  </testcase> <!-- ft2 -->
  <system-out>
    <![CDATA[FTC1
FTC2
FTC3
FTC4
FTC5
FTC6
STC1
STC2
STC3
STC4
STC5
STC6]]>
  </system-out>
</testsuite> <!-- testNGFlags.Flag6 -->
