<?xml version="1.0" encoding="UTF-8"?>
<!-- Generated by org.testng.reporters.JUnitReportReporter -->
<testsuite hostname="DESKTOP-4PQ0G9R" failures="0" tests="2" name="testNGAnnotation.Flag1" time="0.028" errors="0" timestamp="2023-07-20T15:16:01 IST" skipped="0">
  <testcase classname="testNGAnnotation.Flag1" name="method1" time="0.022">
    <system-out>
      <![CDATA[method1 from flag1]]>
    </system-out>
  </testcase> <!-- method1 -->
  <testcase classname="testNGAnnotation.Flag1" name="method2" time="0.006">
    <system-out>
      <![CDATA[method2 from flag1]]>
    </system-out>
  </testcase> <!-- method2 -->
  <system-out>
    <![CDATA[method1 from flag1
method2 from flag1]]>
  </system-out>
</testsuite> <!-- testNGAnnotation.Flag1 -->
