<?xml version="1.0" encoding="UTF-8"?>
<!-- Generated by org.testng.reporters.JUnitReportReporter -->
<testsuite hostname="DESKTOP-4PQ0G9R" failures="0" tests="3" name="testNGAnnotation.GoogleSearchTestcase" time="17.319" errors="0" timestamp="2023-07-20T15:09:53 IST" skipped="0">
  <testcase classname="testNGAnnotation.GoogleSearchTestcase" name="search1" time="5.070"/>
  <testcase classname="testNGAnnotation.GoogleSearchTestcase" name="search3" time="4.818"/>
  <testcase classname="testNGAnnotation.GoogleSearchTestcase" name="search2" time="7.431"/>
</testsuite> <!-- testNGAnnotation.GoogleSearchTestcase -->
