<?xml version="1.0" encoding="UTF-8"?>
<!-- Generated by org.testng.reporters.JUnitReportReporter -->
<testsuite hostname="DESKTOP-4PQ0G9R" failures="0" tests="2" name="testNGFlags.Flag2" time="0.023" errors="0" timestamp="2023-07-20T15:31:59 IST" skipped="0">
  <testcase classname="testNGFlags.Flag2" name="method2" time="0.005">
    <system-out>
      <![CDATA[method2 from flag2]]>
    </system-out>
  </testcase> <!-- method2 -->
  <testcase classname="testNGFlags.Flag2" name="method1" time="0.018">
    <system-out>
      <![CDATA[method1 from flag2]]>
    </system-out>
  </testcase> <!-- method1 -->
  <system-out>
    <![CDATA[method1 from flag2
method2 from flag2]]>
  </system-out>
</testsuite> <!-- testNGFlags.Flag2 -->
