<?xml version="1.0" encoding="UTF-8"?>
<!-- Generated by org.testng.reporters.JUnitReportReporter -->
<testsuite hostname="DESKTOP-4PQ0G9R" failures="0" tests="4" name="testNGFlags.Flag4" time="0.032" errors="0" timestamp="2023-07-22T14:45:13 IST" skipped="0">
  <testcase classname="testNGFlags.Flag4" name="d" time="0.004"/>
  <testcase classname="testNGFlags.Flag4" name="a" time="0.018"/>
  <testcase classname="testNGFlags.Flag4" name="f" time="0.004"/>
  <testcase classname="testNGFlags.Flag4" name="e" time="0.006"/>
</testsuite> <!-- testNGFlags.Flag4 -->
