<?xml version="1.0" encoding="UTF-8"?>
<!-- Generated by org.testng.reporters.JUnitReportReporter -->
<testsuite hostname="DESKTOP-4PQ0G9R" failures="0" tests="1" name="testNG.Sumo" time="6.871" errors="0" timestamp="2023-07-17T14:56:03 IST" skipped="0">
  <testcase classname="testNG.Sumo" name="h" time="6.871">
    <system-out>
      <![CDATA[this is Sumo testNG class]]>
    </system-out>
  </testcase> <!-- h -->
  <system-out>
    <![CDATA[this is demo testNG class
this is Remo testNG class
this is Sumo testNG class]]>
  </system-out>
</testsuite> <!-- testNG.Sumo -->
