<?xml version="1.0" encoding="UTF-8"?>
<!-- Generated by org.testng.reporters.JUnitReportReporter -->
<testsuite hostname="DESKTOP-4PQ0G9R" failures="0" tests="1" name="testNGPackage.AssertionTestNG" time="4.764" errors="0" timestamp="2023-07-24T15:32:19 IST" skipped="0">
  <testcase classname="testNGPackage.AssertionTestNG" name="loginPage" time="4.764"/>
</testsuite> <!-- testNGPackage.AssertionTestNG -->
