<?xml version="1.0" encoding="UTF-8"?>
<!-- Generated by org.testng.reporters.JUnitReportReporter -->
<testsuite hostname="DESKTOP-4PQ0G9R" failures="0" tests="10" name="testNGFlags.Flag3" time="0.065" errors="0" timestamp="2023-07-22T14:23:13 IST" skipped="0">
  <testcase classname="testNGFlags.Flag3" name="method1" time="0.006">
    <system-out>
      <![CDATA[method1]]>
    </system-out>
  </testcase> <!-- method1 -->
  <testcase classname="testNGFlags.Flag3" name="method1" time="0.005">
    <system-out>
      <![CDATA[method1]]>
    </system-out>
  </testcase> <!-- method1 -->
  <testcase classname="testNGFlags.Flag3" name="method1" time="0.004">
    <system-out>
      <![CDATA[method1]]>
    </system-out>
  </testcase> <!-- method1 -->
  <testcase classname="testNGFlags.Flag3" name="method1" time="0.004">
    <system-out>
      <![CDATA[method1]]>
    </system-out>
  </testcase> <!-- method1 -->
  <testcase classname="testNGFlags.Flag3" name="method1" time="0.004">
    <system-out>
      <![CDATA[method1]]>
    </system-out>
  </testcase> <!-- method1 -->
  <testcase classname="testNGFlags.Flag3" name="method1" time="0.026">
    <system-out>
      <![CDATA[method1]]>
    </system-out>
  </testcase> <!-- method1 -->
  <testcase classname="testNGFlags.Flag3" name="method1" time="0.003">
    <system-out>
      <![CDATA[method1]]>
    </system-out>
  </testcase> <!-- method1 -->
  <testcase classname="testNGFlags.Flag3" name="method1" time="0.004">
    <system-out>
      <![CDATA[method1]]>
    </system-out>
  </testcase> <!-- method1 -->
  <testcase classname="testNGFlags.Flag3" name="method1" time="0.006">
    <system-out>
      <![CDATA[method1]]>
    </system-out>
  </testcase> <!-- method1 -->
  <testcase classname="testNGFlags.Flag3" name="method1" time="0.003">
    <system-out>
      <![CDATA[method1]]>
    </system-out>
  </testcase> <!-- method1 -->
  <system-out>
    <![CDATA[method1
method1
method1
method1
method1
method1
method1
method1
method1
method1]]>
  </system-out>
</testsuite> <!-- testNGFlags.Flag3 -->
