<?xml version="1.0" encoding="UTF-8"?>
<!-- Generated by org.testng.reporters.JUnitReportReporter -->
<testsuite hostname="DESKTOP-4PQ0G9R" failures="0" tests="1" name="testNGExecution.SelectBrowser" time="5.528" errors="0" timestamp="2023-07-19T15:49:09 IST" skipped="0">
  <testcase classname="testNGExecution.SelectBrowser" name="ftestParallelMethod" time="5.528"/>
</testsuite> <!-- testNGExecution.SelectBrowser -->
