<?xml version="1.0" encoding="UTF-8"?>
<!-- Generated by org.testng.reporters.JUnitReportReporter -->
<testsuite hostname="DESKTOP-4PQ0G9R" failures="0" tests="1" name="testNGPack2.Class2" time="0.024" errors="0" timestamp="2023-07-18T13:57:46 IST" skipped="0">
  <testcase classname="testNGPack2.Class2" name="f22" time="0.024">
    <system-out>
      <![CDATA[class2-f22]]>
    </system-out>
  </testcase> <!-- f22 -->
  <system-out>
    <![CDATA[class2-f22]]>
  </system-out>
</testsuite> <!-- testNGPack2.Class2 -->
