<?xml version="1.0" encoding="UTF-8"?>
<!-- Generated by org.testng.reporters.JUnitReportReporter -->
<testsuite hostname="DESKTOP-4PQ0G9R" failures="0" tests="3" name="testNGFlags.Flag5" time="0.026" errors="0" timestamp="2023-07-22T15:07:54 IST" skipped="0">
  <testcase classname="testNGFlags.Flag5" name="createUserMethod" time="0.003"/>
  <testcase classname="testNGFlags.Flag5" name="logoutMethod" time="0.004"/>
  <testcase classname="testNGFlags.Flag5" name="loginMethod" time="0.019"/>
</testsuite> <!-- testNGFlags.Flag5 -->
