<?xml version="1.0" encoding="UTF-8"?>
<!-- Generated by org.testng.reporters.JUnitReportReporter -->
<testsuite hostname="DESKTOP-4PQ0G9R" failures="0" tests="2" name="testNGPack3.TestMethod1" time="0.037" errors="0" timestamp="2023-07-18T15:09:27 IST" skipped="0">
  <testcase classname="testNGPack3.TestMethod1" name="testMethod2" time="0.009">
    <system-out>
      <![CDATA[thread id of testmethod2:21]]>
    </system-out>
  </testcase> <!-- testMethod2 -->
  <testcase classname="testNGPack3.TestMethod1" name="testMethod1" time="0.028">
    <system-out>
      <![CDATA[thread id of testmethod1:23]]>
    </system-out>
  </testcase> <!-- testMethod1 -->
  <system-out>
    <![CDATA[thread id of testmethod6:22
thread id of testmethod5:21
thread id of testmethod4:20
thread id of testmethod1:23
thread id of testmethod3:19
thread id of testmethod2:21]]>
  </system-out>
</testsuite> <!-- testNGPack3.TestMethod1 -->
