<?xml version="1.0" encoding="UTF-8"?>
<!-- Generated by org.testng.reporters.JUnitReportReporter -->
<testsuite hostname="DESKTOP-4PQ0G9R" failures="0" tests="2" name="testNGPack2.Class1" time="0.036" errors="0" timestamp="2023-07-18T13:56:48 IST" skipped="0">
  <testcase classname="testNGPack2.Class1" name="f1" time="0.017">
    <system-out>
      <![CDATA[class1-f1]]>
    </system-out>
  </testcase> <!-- f1 -->
  <testcase classname="testNGPack2.Class1" name="f11" time="0.019">
    <system-out>
      <![CDATA[class1-f11]]>
    </system-out>
  </testcase> <!-- f11 -->
  <system-out>
    <![CDATA[class2-f2
class3-f3
class3-f33
class1-f1
class1-f11]]>
  </system-out>
</testsuite> <!-- testNGPack2.Class1 -->
