<?xml version="1.0" encoding="UTF-8"?>
<!-- Generated by org.testng.reporters.JUnitReportReporter -->
<testsuite hostname="DESKTOP-4PQ0G9R" failures="0" tests="2" name="testNGPack3.TestMethod3" time="0.055" errors="0" timestamp="2023-07-18T15:09:27 IST" skipped="0">
  <testcase classname="testNGPack3.TestMethod3" name="testMethod6" time="0.027">
    <system-out>
      <![CDATA[thread id of testmethod6:22]]>
    </system-out>
  </testcase> <!-- testMethod6 -->
  <testcase classname="testNGPack3.TestMethod3" name="testMethod5" time="0.028">
    <system-out>
      <![CDATA[thread id of testmethod5:21]]>
    </system-out>
  </testcase> <!-- testMethod5 -->
  <system-out>
    <![CDATA[thread id of testmethod6:22
thread id of testmethod5:21
thread id of testmethod4:20
thread id of testmethod1:23
thread id of testmethod3:19
thread id of testmethod2:21]]>
  </system-out>
</testsuite> <!-- testNGPack3.TestMethod3 -->
