<?xml version="1.0" encoding="UTF-8"?>
<!-- Generated by org.testng.reporters.JUnitReportReporter -->
<testsuite hostname="DESKTOP-4PQ0G9R" failures="0" tests="1" name="testNG.Remo" time="23.767" errors="0" timestamp="2023-07-18T14:01:02 IST" skipped="0">
  <testcase classname="testNG.Remo" name="g" time="23.767">
    <system-out>
      <![CDATA[this is Remo testNG class]]>
    </system-out>
  </testcase> <!-- g -->
  <system-out>
    <![CDATA[this is demo testNG class
this is Remo testNG class]]>
  </system-out>
</testsuite> <!-- testNG.Remo -->
