<?xml version="1.0" encoding="UTF-8"?>
<!-- Generated by org.testng.reporters.JUnitReportReporter -->
<testsuite hostname="DESKTOP-4PQ0G9R" failures="0" tests="1" name="testNG.Demo" time="12.050" errors="0" timestamp="2023-07-18T14:01:02 IST" skipped="0">
  <testcase classname="testNG.Demo" name="f" time="12.050">
    <system-out>
      <![CDATA[this is demo testNG class]]>
    </system-out>
  </testcase> <!-- f -->
  <system-out>
    <![CDATA[this is demo testNG class
this is Remo testNG class]]>
  </system-out>
</testsuite> <!-- testNG.Demo -->
